Start testing: Sep 30 05:08 UTC
----------------------------------------------------------
1/2 Testing: card_tests
1/2 Test: card_tests
Command: "/home/runner/work/Deck-of-Cards/Deck-of-Cards/build_debug/test_card"
Directory: /home/runner/work/Deck-of-Cards/Deck-of-Cards/build_debug
"card_tests" start time: Sep 30 05:08 UTC
Output:
----------------------------------------------------------
Randomness seeded to: 3639844438
===============================================================================
All tests passed (28 assertions in 7 test cases)

<end of output>
Test time =   0.00 sec
----------------------------------------------------------
Test Passed.
"card_tests" end time: Sep 30 05:08 UTC
"card_tests" time elapsed: 00:00:00
----------------------------------------------------------

2/2 Testing: deck_tests
2/2 Test: deck_tests
Command: "/home/runner/work/Deck-of-Cards/Deck-of-Cards/build_debug/test_deck"
Directory: /home/runner/work/Deck-of-Cards/Deck-of-Cards/build_debug
"deck_tests" start time: Sep 30 05:08 UTC
Output:
----------------------------------------------------------
Randomness seeded to: 3745459360
===============================================================================
All tests passed (68 assertions in 8 test cases)

<end of output>
Test time =   0.00 sec
----------------------------------------------------------
Test Passed.
"deck_tests" end time: Sep 30 05:08 UTC
"deck_tests" time elapsed: 00:00:00
----------------------------------------------------------

End testing: Sep 30 05:08 UTC
